<?xml version="1.0" encoding="UTF-8"?>
<!-- Generated by org.testng.reporters.JUnitReportReporter -->
<testsuite hostname="LAPTOP-5RQINP32" failures="0" tests="4" name="api.test.UserTests" time="8.308" errors="0" timestamp="2024-07-12T17:34:23 IST" skipped="0">
  <testcase classname="api.test.UserTests" name="testPostUser" time="2.773"/>
  <testcase classname="api.test.UserTests" name="testGetUserByName" time="1.482"/>
  <testcase classname="api.test.UserTests" name="testUpdateByUserByName" time="2.535"/>
  <testcase classname="api.test.UserTests" name="testDeleteUserByName" time="1.518"/>
</testsuite> <!-- api.test.UserTests -->
