<?xml version="1.0" encoding="UTF-8"?>
<!-- Generated by org.testng.reporters.JUnitReportReporter -->
<testsuite hostname="LAPTOP-5RQINP32" failures="0" tests="4" name="api.test.UserTestsfromProp" time="8.696" errors="0" timestamp="2024-07-15T14:48:31 IST" skipped="0">
  <testcase classname="api.test.UserTestsfromProp" name="testPostUser" time="3.011"/>
  <testcase classname="api.test.UserTestsfromProp" name="testGetUserByName" time="1.485"/>
  <testcase classname="api.test.UserTestsfromProp" name="testUpdateByUserByName" time="2.760"/>
  <testcase classname="api.test.UserTestsfromProp" name="testDeleteUserByName" time="1.440"/>
</testsuite> <!-- api.test.UserTestsfromProp -->
